

 LOG file opened at 01/24/14 11:57:38

KUP-05007:   Warning: Intra source concurrency disabled because the preprocessor option is being used.

Field Definitions for table EXTERNAL_HDFS
  Record format DELIMITED, delimited by 0A
  Data in file has same endianness as the platform
  Rows with all null fields are accepted

  Fields in Data Source: 

    CUSTOMER_ID                     CHAR (4000)
      Terminated by "2C"
      Trim whitespace same as SQL Loader
    CHECKING_AMOUNT                 CHAR (4000)
      Terminated by "2C"
      Trim whitespace same as SQL Loader
    BANK_FUNDS                      CHAR (4000)
      Terminated by "2C"
      Trim whitespace same as SQL Loader
    MONTHLY_CHECKS_WRITTEN          CHAR (4000)
      Terminated by "2C"
      Trim whitespace same as SQL Loader
    AMOUNT_AUTOM_PAYMENTS           CHAR (4000)
      Terminated by "2C"
      Trim whitespace same as SQL Loader


 LOG file opened at 01/24/14 11:57:53

KUP-05007:   Warning: Intra source concurrency disabled because the preprocessor option is being used.

Field Definitions for table EXTERNAL_HDFS
  Record format DELIMITED, delimited by 0A
  Data in file has same endianness as the platform
  Rows with all null fields are accepted

  Fields in Data Source: 

    CUSTOMER_ID                     CHAR (4000)
      Terminated by "2C"
      Trim whitespace same as SQL Loader
    CHECKING_AMOUNT                 CHAR (4000)
      Terminated by "2C"
      Trim whitespace same as SQL Loader
    BANK_FUNDS                      CHAR (4000)
      Terminated by "2C"
      Trim whitespace same as SQL Loader
    MONTHLY_CHECKS_WRITTEN          CHAR (4000)
      Terminated by "2C"
      Trim whitespace same as SQL Loader
    AMOUNT_AUTOM_PAYMENTS           CHAR (4000)
      Terminated by "2C"
      Trim whitespace same as SQL Loader


 LOG file opened at 01/24/14 12:01:11

KUP-05007:   Warning: Intra source concurrency disabled because the preprocessor option is being used.

Field Definitions for table EXTERNAL_HDFS
  Record format DELIMITED, delimited by 0A
  Data in file has same endianness as the platform
  Rows with all null fields are accepted

  Fields in Data Source: 

    CUSTOMER_ID                     CHAR (4000)
      Terminated by "2C"
      Trim whitespace same as SQL Loader
    CHECKING_AMOUNT                 CHAR (4000)
      Terminated by "2C"
      Trim whitespace same as SQL Loader
    BANK_FUNDS                      CHAR (4000)
      Terminated by "2C"
      Trim whitespace same as SQL Loader
    MONTHLY_CHECKS_WRITTEN          CHAR (4000)
      Terminated by "2C"
      Trim whitespace same as SQL Loader
    AMOUNT_AUTOM_PAYMENTS           CHAR (4000)
      Terminated by "2C"
      Trim whitespace same as SQL Loader


 LOG file opened at 01/24/14 12:01:29

KUP-05007:   Warning: Intra source concurrency disabled because the preprocessor option is being used.

Field Definitions for table EXTERNAL_HDFS
  Record format DELIMITED, delimited by 0A
  Data in file has same endianness as the platform
  Rows with all null fields are accepted

  Fields in Data Source: 

    CUSTOMER_ID                     CHAR (4000)
      Terminated by "2C"
      Trim whitespace same as SQL Loader
    CHECKING_AMOUNT                 CHAR (4000)
      Terminated by "2C"
      Trim whitespace same as SQL Loader
    BANK_FUNDS                      CHAR (4000)
      Terminated by "2C"
      Trim whitespace same as SQL Loader
    MONTHLY_CHECKS_WRITTEN          CHAR (4000)
      Terminated by "2C"
      Trim whitespace same as SQL Loader
    AMOUNT_AUTOM_PAYMENTS           CHAR (4000)
      Terminated by "2C"
      Trim whitespace same as SQL Loader


 LOG file opened at 01/24/14 12:52:28

KUP-05007:   Warning: Intra source concurrency disabled because the preprocessor option is being used.

Field Definitions for table EXTERNAL_HDFS
  Record format DELIMITED, delimited by 0A
  Data in file has same endianness as the platform
  Rows with all null fields are accepted

  Fields in Data Source: 

    CUSTOMER_ID                     CHAR (4000)
      Terminated by "2C"
      Trim whitespace same as SQL Loader
    CHECKING_AMOUNT                 CHAR (4000)
      Terminated by "2C"
      Trim whitespace same as SQL Loader
    BANK_FUNDS                      CHAR (4000)
      Terminated by "2C"
      Trim whitespace same as SQL Loader
    MONTHLY_CHECKS_WRITTEN          CHAR (4000)
      Terminated by "2C"
      Trim whitespace same as SQL Loader
    AMOUNT_AUTOM_PAYMENTS           CHAR (4000)
      Terminated by "2C"
      Trim whitespace same as SQL Loader


 LOG file opened at 01/24/14 12:52:43

KUP-05007:   Warning: Intra source concurrency disabled because the preprocessor option is being used.

Field Definitions for table EXTERNAL_HDFS
  Record format DELIMITED, delimited by 0A
  Data in file has same endianness as the platform
  Rows with all null fields are accepted

  Fields in Data Source: 

    CUSTOMER_ID                     CHAR (4000)
      Terminated by "2C"
      Trim whitespace same as SQL Loader
    CHECKING_AMOUNT                 CHAR (4000)
      Terminated by "2C"
      Trim whitespace same as SQL Loader
    BANK_FUNDS                      CHAR (4000)
      Terminated by "2C"
      Trim whitespace same as SQL Loader
    MONTHLY_CHECKS_WRITTEN          CHAR (4000)
      Terminated by "2C"
      Trim whitespace same as SQL Loader
    AMOUNT_AUTOM_PAYMENTS           CHAR (4000)
      Terminated by "2C"
      Trim whitespace same as SQL Loader


 LOG file opened at 01/24/14 15:46:46

KUP-05007:   Warning: Intra source concurrency disabled because the preprocessor option is being used.

Field Definitions for table EXTERNAL_HDFS
  Record format DELIMITED, delimited by 0A
  Data in file has same endianness as the platform
  Rows with all null fields are accepted

  Fields in Data Source: 

    CUSTOMER_ID                     CHAR (4000)
      Terminated by "2C"
      Trim whitespace same as SQL Loader
    CHECKING_AMOUNT                 CHAR (4000)
      Terminated by "2C"
      Trim whitespace same as SQL Loader
    BANK_FUNDS                      CHAR (4000)
      Terminated by "2C"
      Trim whitespace same as SQL Loader
    MONTHLY_CHECKS_WRITTEN          CHAR (4000)
      Terminated by "2C"
      Trim whitespace same as SQL Loader
    AMOUNT_AUTOM_PAYMENTS           CHAR (4000)
      Terminated by "2C"
      Trim whitespace same as SQL Loader


 LOG file opened at 01/24/14 15:46:58

KUP-05007:   Warning: Intra source concurrency disabled because the preprocessor option is being used.

Field Definitions for table EXTERNAL_HDFS
  Record format DELIMITED, delimited by 0A
  Data in file has same endianness as the platform
  Rows with all null fields are accepted

  Fields in Data Source: 

    CUSTOMER_ID                     CHAR (4000)
      Terminated by "2C"
      Trim whitespace same as SQL Loader
    CHECKING_AMOUNT                 CHAR (4000)
      Terminated by "2C"
      Trim whitespace same as SQL Loader
    BANK_FUNDS                      CHAR (4000)
      Terminated by "2C"
      Trim whitespace same as SQL Loader
    MONTHLY_CHECKS_WRITTEN          CHAR (4000)
      Terminated by "2C"
      Trim whitespace same as SQL Loader
    AMOUNT_AUTOM_PAYMENTS           CHAR (4000)
      Terminated by "2C"
      Trim whitespace same as SQL Loader


 LOG file opened at 01/24/14 15:55:48

KUP-05007:   Warning: Intra source concurrency disabled because the preprocessor option is being used.

Field Definitions for table EXTERNAL_HDFS
  Record format DELIMITED, delimited by 0A
  Data in file has same endianness as the platform
  Rows with all null fields are accepted

  Fields in Data Source: 

    CUSTOMER_ID                     CHAR (4000)
      Terminated by "2C"
      Trim whitespace same as SQL Loader
    CHECKING_AMOUNT                 CHAR (4000)
      Terminated by "2C"
      Trim whitespace same as SQL Loader
    BANK_FUNDS                      CHAR (4000)
      Terminated by "2C"
      Trim whitespace same as SQL Loader
    MONTHLY_CHECKS_WRITTEN          CHAR (4000)
      Terminated by "2C"
      Trim whitespace same as SQL Loader
    AMOUNT_AUTOM_PAYMENTS           CHAR (4000)
      Terminated by "2C"
      Trim whitespace same as SQL Loader


 LOG file opened at 01/24/14 15:56:04

KUP-05007:   Warning: Intra source concurrency disabled because the preprocessor option is being used.

Field Definitions for table EXTERNAL_HDFS
  Record format DELIMITED, delimited by 0A
  Data in file has same endianness as the platform
  Rows with all null fields are accepted

  Fields in Data Source: 

    CUSTOMER_ID                     CHAR (4000)
      Terminated by "2C"
      Trim whitespace same as SQL Loader
    CHECKING_AMOUNT                 CHAR (4000)
      Terminated by "2C"
      Trim whitespace same as SQL Loader
    BANK_FUNDS                      CHAR (4000)
      Terminated by "2C"
      Trim whitespace same as SQL Loader
    MONTHLY_CHECKS_WRITTEN          CHAR (4000)
      Terminated by "2C"
      Trim whitespace same as SQL Loader
    AMOUNT_AUTOM_PAYMENTS           CHAR (4000)
      Terminated by "2C"
      Trim whitespace same as SQL Loader


 LOG file opened at 01/24/14 15:57:41

KUP-05007:   Warning: Intra source concurrency disabled because the preprocessor option is being used.

Field Definitions for table EXTERNAL_HDFS
  Record format DELIMITED, delimited by 0A
  Data in file has same endianness as the platform
  Rows with all null fields are accepted

  Fields in Data Source: 

    CUSTOMER_ID                     CHAR (4000)
      Terminated by "2C"
      Trim whitespace same as SQL Loader
    CHECKING_AMOUNT                 CHAR (4000)
      Terminated by "2C"
      Trim whitespace same as SQL Loader
    BANK_FUNDS                      CHAR (4000)
      Terminated by "2C"
      Trim whitespace same as SQL Loader
    MONTHLY_CHECKS_WRITTEN          CHAR (4000)
      Terminated by "2C"
      Trim whitespace same as SQL Loader
    AMOUNT_AUTOM_PAYMENTS           CHAR (4000)
      Terminated by "2C"
      Trim whitespace same as SQL Loader


 LOG file opened at 01/24/14 15:57:50

KUP-05007:   Warning: Intra source concurrency disabled because the preprocessor option is being used.

Field Definitions for table EXTERNAL_HDFS
  Record format DELIMITED, delimited by 0A
  Data in file has same endianness as the platform
  Rows with all null fields are accepted

  Fields in Data Source: 

    CUSTOMER_ID                     CHAR (4000)
      Terminated by "2C"
      Trim whitespace same as SQL Loader
    CHECKING_AMOUNT                 CHAR (4000)
      Terminated by "2C"
      Trim whitespace same as SQL Loader
    BANK_FUNDS                      CHAR (4000)
      Terminated by "2C"
      Trim whitespace same as SQL Loader
    MONTHLY_CHECKS_WRITTEN          CHAR (4000)
      Terminated by "2C"
      Trim whitespace same as SQL Loader
    AMOUNT_AUTOM_PAYMENTS           CHAR (4000)
      Terminated by "2C"
      Trim whitespace same as SQL Loader


 LOG file opened at 01/24/14 16:05:51

KUP-05007:   Warning: Intra source concurrency disabled because the preprocessor option is being used.

Field Definitions for table EXTERNAL_HDFS
  Record format DELIMITED, delimited by 0A
  Data in file has same endianness as the platform
  Rows with all null fields are accepted

  Fields in Data Source: 

    CUSTOMER_ID                     CHAR (4000)
      Terminated by "2C"
      Trim whitespace same as SQL Loader
    CHECKING_AMOUNT                 CHAR (4000)
      Terminated by "2C"
      Trim whitespace same as SQL Loader
    BANK_FUNDS                      CHAR (4000)
      Terminated by "2C"
      Trim whitespace same as SQL Loader
    MONTHLY_CHECKS_WRITTEN          CHAR (4000)
      Terminated by "2C"
      Trim whitespace same as SQL Loader
    AMOUNT_AUTOM_PAYMENTS           CHAR (4000)
      Terminated by "2C"
      Trim whitespace same as SQL Loader


 LOG file opened at 01/24/14 16:09:58

KUP-05007:   Warning: Intra source concurrency disabled because the preprocessor option is being used.

Field Definitions for table EXTERNAL_HDFS
  Record format DELIMITED, delimited by 0A
  Data in file has same endianness as the platform
  Rows with all null fields are accepted

  Fields in Data Source: 

    CUSTOMER_ID                     CHAR (4000)
      Terminated by "2C"
      Trim whitespace same as SQL Loader
    CHECKING_AMOUNT                 CHAR (4000)
      Terminated by "2C"
      Trim whitespace same as SQL Loader
    BANK_FUNDS                      CHAR (4000)
      Terminated by "2C"
      Trim whitespace same as SQL Loader
    MONTHLY_CHECKS_WRITTEN          CHAR (4000)
      Terminated by "2C"
      Trim whitespace same as SQL Loader
    AMOUNT_AUTOM_PAYMENTS           CHAR (4000)
      Terminated by "2C"
      Trim whitespace same as SQL Loader


 LOG file opened at 01/24/14 16:10:06

KUP-05007:   Warning: Intra source concurrency disabled because the preprocessor option is being used.

Field Definitions for table EXTERNAL_HDFS
  Record format DELIMITED, delimited by 0A
  Data in file has same endianness as the platform
  Rows with all null fields are accepted

  Fields in Data Source: 

    CUSTOMER_ID                     CHAR (4000)
      Terminated by "2C"
      Trim whitespace same as SQL Loader
    CHECKING_AMOUNT                 CHAR (4000)
      Terminated by "2C"
      Trim whitespace same as SQL Loader
    BANK_FUNDS                      CHAR (4000)
      Terminated by "2C"
      Trim whitespace same as SQL Loader
    MONTHLY_CHECKS_WRITTEN          CHAR (4000)
      Terminated by "2C"
      Trim whitespace same as SQL Loader
    AMOUNT_AUTOM_PAYMENTS           CHAR (4000)
      Terminated by "2C"
      Trim whitespace same as SQL Loader


 LOG file opened at 01/24/14 16:23:41

KUP-05007:   Warning: Intra source concurrency disabled because the preprocessor option is being used.

Field Definitions for table EXTERNAL_HDFS
  Record format DELIMITED, delimited by 0A
  Data in file has same endianness as the platform
  Rows with all null fields are accepted

  Fields in Data Source: 

    CUSTOMER_ID                     CHAR (4000)
      Terminated by "2C"
      Trim whitespace same as SQL Loader
    CHECKING_AMOUNT                 CHAR (4000)
      Terminated by "2C"
      Trim whitespace same as SQL Loader
    BANK_FUNDS                      CHAR (4000)
      Terminated by "2C"
      Trim whitespace same as SQL Loader
    MONTHLY_CHECKS_WRITTEN          CHAR (4000)
      Terminated by "2C"
      Trim whitespace same as SQL Loader
    AMOUNT_AUTOM_PAYMENTS           CHAR (4000)
      Terminated by "2C"
      Trim whitespace same as SQL Loader


 LOG file opened at 01/24/14 16:23:54

KUP-05007:   Warning: Intra source concurrency disabled because the preprocessor option is being used.

Field Definitions for table EXTERNAL_HDFS
  Record format DELIMITED, delimited by 0A
  Data in file has same endianness as the platform
  Rows with all null fields are accepted

  Fields in Data Source: 

    CUSTOMER_ID                     CHAR (4000)
      Terminated by "2C"
      Trim whitespace same as SQL Loader
    CHECKING_AMOUNT                 CHAR (4000)
      Terminated by "2C"
      Trim whitespace same as SQL Loader
    BANK_FUNDS                      CHAR (4000)
      Terminated by "2C"
      Trim whitespace same as SQL Loader
    MONTHLY_CHECKS_WRITTEN          CHAR (4000)
      Terminated by "2C"
      Trim whitespace same as SQL Loader
    AMOUNT_AUTOM_PAYMENTS           CHAR (4000)
      Terminated by "2C"
      Trim whitespace same as SQL Loader


 LOG file opened at 01/24/14 22:02:28

KUP-05007:   Warning: Intra source concurrency disabled because the preprocessor option is being used.

Field Definitions for table EXTERNAL_HDFS
  Record format DELIMITED, delimited by 0A
  Data in file has same endianness as the platform
  Rows with all null fields are accepted

  Fields in Data Source: 

    CUSTOMER_ID                     CHAR (4000)
      Terminated by "2C"
      Trim whitespace same as SQL Loader
    CHECKING_AMOUNT                 CHAR (4000)
      Terminated by "2C"
      Trim whitespace same as SQL Loader
    BANK_FUNDS                      CHAR (4000)
      Terminated by "2C"
      Trim whitespace same as SQL Loader
    MONTHLY_CHECKS_WRITTEN          CHAR (4000)
      Terminated by "2C"
      Trim whitespace same as SQL Loader
    AMOUNT_AUTOM_PAYMENTS           CHAR (4000)
      Terminated by "2C"
      Trim whitespace same as SQL Loader
