

 LOG file opened at 03/28/14 11:50:41

KUP-05007:   Warning: Intra source concurrency disabled because the preprocessor option is being used.

Field Definitions for table EXTERNAL_HDFS
  Record format DELIMITED, delimited by 0A
  Data in file has same endianness as the platform
  Rows with all null fields are accepted

  Fields in Data Source: 

    CUSTOMER_ID                     CHAR (4000)
      Terminated by "2C"
      Trim whitespace same as SQL Loader
    CHECKING_AMOUNT                 CHAR (4000)
      Terminated by "2C"
      Trim whitespace same as SQL Loader
    BANK_FUNDS                      CHAR (4000)
      Terminated by "2C"
      Trim whitespace same as SQL Loader
    MONTHLY_CHECKS_WRITTEN          CHAR (4000)
      Terminated by "2C"
      Trim whitespace same as SQL Loader
    AMOUNT_AUTOM_PAYMENTS           CHAR (4000)
      Terminated by "2C"
      Trim whitespace same as SQL Loader


 LOG file opened at 03/28/14 11:52:01

KUP-05007:   Warning: Intra source concurrency disabled because the preprocessor option is being used.

Field Definitions for table EXTERNAL_HDFS
  Record format DELIMITED, delimited by 0A
  Data in file has same endianness as the platform
  Rows with all null fields are accepted

  Fields in Data Source: 

    CUSTOMER_ID                     CHAR (4000)
      Terminated by "2C"
      Trim whitespace same as SQL Loader
    CHECKING_AMOUNT                 CHAR (4000)
      Terminated by "2C"
      Trim whitespace same as SQL Loader
    BANK_FUNDS                      CHAR (4000)
      Terminated by "2C"
      Trim whitespace same as SQL Loader
    MONTHLY_CHECKS_WRITTEN          CHAR (4000)
      Terminated by "2C"
      Trim whitespace same as SQL Loader
    AMOUNT_AUTOM_PAYMENTS           CHAR (4000)
      Terminated by "2C"
      Trim whitespace same as SQL Loader


 LOG file opened at 03/28/14 11:52:05

KUP-05007:   Warning: Intra source concurrency disabled because the preprocessor option is being used.

Field Definitions for table EXTERNAL_HDFS
  Record format DELIMITED, delimited by 0A
  Data in file has same endianness as the platform
  Rows with all null fields are accepted

  Fields in Data Source: 

    CUSTOMER_ID                     CHAR (4000)
      Terminated by "2C"
      Trim whitespace same as SQL Loader
    CHECKING_AMOUNT                 CHAR (4000)
      Terminated by "2C"
      Trim whitespace same as SQL Loader
    BANK_FUNDS                      CHAR (4000)
      Terminated by "2C"
      Trim whitespace same as SQL Loader
    MONTHLY_CHECKS_WRITTEN          CHAR (4000)
      Terminated by "2C"
      Trim whitespace same as SQL Loader
    AMOUNT_AUTOM_PAYMENTS           CHAR (4000)
      Terminated by "2C"
      Trim whitespace same as SQL Loader


 LOG file opened at 03/28/14 11:55:44

KUP-05007:   Warning: Intra source concurrency disabled because the preprocessor option is being used.

Field Definitions for table EXTERNAL_HDFS
  Record format DELIMITED, delimited by 0A
  Data in file has same endianness as the platform
  Rows with all null fields are accepted

  Fields in Data Source: 

    CUSTOMER_ID                     CHAR (4000)
      Terminated by "2C"
      Trim whitespace same as SQL Loader
    CHECKING_AMOUNT                 CHAR (4000)
      Terminated by "2C"
      Trim whitespace same as SQL Loader
    BANK_FUNDS                      CHAR (4000)
      Terminated by "2C"
      Trim whitespace same as SQL Loader
    MONTHLY_CHECKS_WRITTEN          CHAR (4000)
      Terminated by "2C"
      Trim whitespace same as SQL Loader
    AMOUNT_AUTOM_PAYMENTS           CHAR (4000)
      Terminated by "2C"
      Trim whitespace same as SQL Loader


 LOG file opened at 03/28/14 11:55:48

KUP-05007:   Warning: Intra source concurrency disabled because the preprocessor option is being used.

Field Definitions for table EXTERNAL_HDFS
  Record format DELIMITED, delimited by 0A
  Data in file has same endianness as the platform
  Rows with all null fields are accepted

  Fields in Data Source: 

    CUSTOMER_ID                     CHAR (4000)
      Terminated by "2C"
      Trim whitespace same as SQL Loader
    CHECKING_AMOUNT                 CHAR (4000)
      Terminated by "2C"
      Trim whitespace same as SQL Loader
    BANK_FUNDS                      CHAR (4000)
      Terminated by "2C"
      Trim whitespace same as SQL Loader
    MONTHLY_CHECKS_WRITTEN          CHAR (4000)
      Terminated by "2C"
      Trim whitespace same as SQL Loader
    AMOUNT_AUTOM_PAYMENTS           CHAR (4000)
      Terminated by "2C"
      Trim whitespace same as SQL Loader


 LOG file opened at 03/28/14 12:00:07

KUP-05007:   Warning: Intra source concurrency disabled because the preprocessor option is being used.

Field Definitions for table EXTERNAL_HDFS
  Record format DELIMITED, delimited by 0A
  Data in file has same endianness as the platform
  Rows with all null fields are accepted

  Fields in Data Source: 

    CUSTOMER_ID                     CHAR (4000)
      Terminated by "2C"
      Trim whitespace same as SQL Loader
    CHECKING_AMOUNT                 CHAR (4000)
      Terminated by "2C"
      Trim whitespace same as SQL Loader
    BANK_FUNDS                      CHAR (4000)
      Terminated by "2C"
      Trim whitespace same as SQL Loader
    MONTHLY_CHECKS_WRITTEN          CHAR (4000)
      Terminated by "2C"
      Trim whitespace same as SQL Loader
    AMOUNT_AUTOM_PAYMENTS           CHAR (4000)
      Terminated by "2C"
      Trim whitespace same as SQL Loader


 LOG file opened at 03/28/14 12:00:11

KUP-05007:   Warning: Intra source concurrency disabled because the preprocessor option is being used.

Field Definitions for table EXTERNAL_HDFS
  Record format DELIMITED, delimited by 0A
  Data in file has same endianness as the platform
  Rows with all null fields are accepted

  Fields in Data Source: 

    CUSTOMER_ID                     CHAR (4000)
      Terminated by "2C"
      Trim whitespace same as SQL Loader
    CHECKING_AMOUNT                 CHAR (4000)
      Terminated by "2C"
      Trim whitespace same as SQL Loader
    BANK_FUNDS                      CHAR (4000)
      Terminated by "2C"
      Trim whitespace same as SQL Loader
    MONTHLY_CHECKS_WRITTEN          CHAR (4000)
      Terminated by "2C"
      Trim whitespace same as SQL Loader
    AMOUNT_AUTOM_PAYMENTS           CHAR (4000)
      Terminated by "2C"
      Trim whitespace same as SQL Loader


 LOG file opened at 03/28/14 12:04:34

KUP-05007:   Warning: Intra source concurrency disabled because the preprocessor option is being used.

Field Definitions for table EXTERNAL_HDFS
  Record format DELIMITED, delimited by 0A
  Data in file has same endianness as the platform
  Rows with all null fields are accepted

  Fields in Data Source: 

    CUSTOMER_ID                     CHAR (4000)
      Terminated by "2C"
      Trim whitespace same as SQL Loader
    CHECKING_AMOUNT                 CHAR (4000)
      Terminated by "2C"
      Trim whitespace same as SQL Loader
    BANK_FUNDS                      CHAR (4000)
      Terminated by "2C"
      Trim whitespace same as SQL Loader
    MONTHLY_CHECKS_WRITTEN          CHAR (4000)
      Terminated by "2C"
      Trim whitespace same as SQL Loader
    AMOUNT_AUTOM_PAYMENTS           CHAR (4000)
      Terminated by "2C"
      Trim whitespace same as SQL Loader


 LOG file opened at 03/28/14 12:04:39

KUP-05007:   Warning: Intra source concurrency disabled because the preprocessor option is being used.

Field Definitions for table EXTERNAL_HDFS
  Record format DELIMITED, delimited by 0A
  Data in file has same endianness as the platform
  Rows with all null fields are accepted

  Fields in Data Source: 

    CUSTOMER_ID                     CHAR (4000)
      Terminated by "2C"
      Trim whitespace same as SQL Loader
    CHECKING_AMOUNT                 CHAR (4000)
      Terminated by "2C"
      Trim whitespace same as SQL Loader
    BANK_FUNDS                      CHAR (4000)
      Terminated by "2C"
      Trim whitespace same as SQL Loader
    MONTHLY_CHECKS_WRITTEN          CHAR (4000)
      Terminated by "2C"
      Trim whitespace same as SQL Loader
    AMOUNT_AUTOM_PAYMENTS           CHAR (4000)
      Terminated by "2C"
      Trim whitespace same as SQL Loader


 LOG file opened at 03/28/14 12:07:28

KUP-05007:   Warning: Intra source concurrency disabled because the preprocessor option is being used.

Field Definitions for table EXTERNAL_HDFS
  Record format DELIMITED, delimited by 0A
  Data in file has same endianness as the platform
  Rows with all null fields are accepted

  Fields in Data Source: 

    CUSTOMER_ID                     CHAR (4000)
      Terminated by "2C"
      Trim whitespace same as SQL Loader
    CHECKING_AMOUNT                 CHAR (4000)
      Terminated by "2C"
      Trim whitespace same as SQL Loader
    BANK_FUNDS                      CHAR (4000)
      Terminated by "2C"
      Trim whitespace same as SQL Loader
    MONTHLY_CHECKS_WRITTEN          CHAR (4000)
      Terminated by "2C"
      Trim whitespace same as SQL Loader
    AMOUNT_AUTOM_PAYMENTS           CHAR (4000)
      Terminated by "2C"
      Trim whitespace same as SQL Loader


 LOG file opened at 03/28/14 12:08:17

KUP-05007:   Warning: Intra source concurrency disabled because the preprocessor option is being used.

Field Definitions for table EXTERNAL_HDFS
  Record format DELIMITED, delimited by 0A
  Data in file has same endianness as the platform
  Rows with all null fields are accepted

  Fields in Data Source: 

    CUSTOMER_ID                     CHAR (4000)
      Terminated by "2C"
      Trim whitespace same as SQL Loader
    CHECKING_AMOUNT                 CHAR (4000)
      Terminated by "2C"
      Trim whitespace same as SQL Loader
    BANK_FUNDS                      CHAR (4000)
      Terminated by "2C"
      Trim whitespace same as SQL Loader
    MONTHLY_CHECKS_WRITTEN          CHAR (4000)
      Terminated by "2C"
      Trim whitespace same as SQL Loader
    AMOUNT_AUTOM_PAYMENTS           CHAR (4000)
      Terminated by "2C"
      Trim whitespace same as SQL Loader


 LOG file opened at 03/28/14 14:07:10

KUP-05007:   Warning: Intra source concurrency disabled because the preprocessor option is being used.

Field Definitions for table EXTERNAL_HDFS
  Record format DELIMITED, delimited by 0A
  Data in file has same endianness as the platform
  Rows with all null fields are accepted

  Fields in Data Source: 

    CUSTOMER_ID                     CHAR (4000)
      Terminated by "2C"
      Trim whitespace same as SQL Loader
    CHECKING_AMOUNT                 CHAR (4000)
      Terminated by "2C"
      Trim whitespace same as SQL Loader
    BANK_FUNDS                      CHAR (4000)
      Terminated by "2C"
      Trim whitespace same as SQL Loader
    MONTHLY_CHECKS_WRITTEN          CHAR (4000)
      Terminated by "2C"
      Trim whitespace same as SQL Loader
    AMOUNT_AUTOM_PAYMENTS           CHAR (4000)
      Terminated by "2C"
      Trim whitespace same as SQL Loader


 LOG file opened at 03/28/14 14:07:13

KUP-05007:   Warning: Intra source concurrency disabled because the preprocessor option is being used.

Field Definitions for table EXTERNAL_HDFS
  Record format DELIMITED, delimited by 0A
  Data in file has same endianness as the platform
  Rows with all null fields are accepted

  Fields in Data Source: 

    CUSTOMER_ID                     CHAR (4000)
      Terminated by "2C"
      Trim whitespace same as SQL Loader
    CHECKING_AMOUNT                 CHAR (4000)
      Terminated by "2C"
      Trim whitespace same as SQL Loader
    BANK_FUNDS                      CHAR (4000)
      Terminated by "2C"
      Trim whitespace same as SQL Loader
    MONTHLY_CHECKS_WRITTEN          CHAR (4000)
      Terminated by "2C"
      Trim whitespace same as SQL Loader
    AMOUNT_AUTOM_PAYMENTS           CHAR (4000)
      Terminated by "2C"
      Trim whitespace same as SQL Loader


 LOG file opened at 03/28/14 14:44:13

KUP-05007:   Warning: Intra source concurrency disabled because the preprocessor option is being used.

Field Definitions for table EXTERNAL_HDFS
  Record format DELIMITED, delimited by 0A
  Data in file has same endianness as the platform
  Rows with all null fields are accepted

  Fields in Data Source: 

    CUSTOMER_ID                     CHAR (4000)
      Terminated by "2C"
      Trim whitespace same as SQL Loader
    CHECKING_AMOUNT                 CHAR (4000)
      Terminated by "2C"
      Trim whitespace same as SQL Loader
    BANK_FUNDS                      CHAR (4000)
      Terminated by "2C"
      Trim whitespace same as SQL Loader
    MONTHLY_CHECKS_WRITTEN          CHAR (4000)
      Terminated by "2C"
      Trim whitespace same as SQL Loader
    AMOUNT_AUTOM_PAYMENTS           CHAR (4000)
      Terminated by "2C"
      Trim whitespace same as SQL Loader


 LOG file opened at 03/28/14 14:45:29

KUP-05007:   Warning: Intra source concurrency disabled because the preprocessor option is being used.

Field Definitions for table EXTERNAL_HDFS
  Record format DELIMITED, delimited by 0A
  Data in file has same endianness as the platform
  Rows with all null fields are accepted

  Fields in Data Source: 

    CUSTOMER_ID                     CHAR (4000)
      Terminated by "2C"
      Trim whitespace same as SQL Loader
    CHECKING_AMOUNT                 CHAR (4000)
      Terminated by "2C"
      Trim whitespace same as SQL Loader
    BANK_FUNDS                      CHAR (4000)
      Terminated by "2C"
      Trim whitespace same as SQL Loader
    MONTHLY_CHECKS_WRITTEN          CHAR (4000)
      Terminated by "2C"
      Trim whitespace same as SQL Loader
    AMOUNT_AUTOM_PAYMENTS           CHAR (4000)
      Terminated by "2C"
      Trim whitespace same as SQL Loader


 LOG file opened at 03/28/14 14:45:34

KUP-05007:   Warning: Intra source concurrency disabled because the preprocessor option is being used.

Field Definitions for table EXTERNAL_HDFS
  Record format DELIMITED, delimited by 0A
  Data in file has same endianness as the platform
  Rows with all null fields are accepted

  Fields in Data Source: 

    CUSTOMER_ID                     CHAR (4000)
      Terminated by "2C"
      Trim whitespace same as SQL Loader
    CHECKING_AMOUNT                 CHAR (4000)
      Terminated by "2C"
      Trim whitespace same as SQL Loader
    BANK_FUNDS                      CHAR (4000)
      Terminated by "2C"
      Trim whitespace same as SQL Loader
    MONTHLY_CHECKS_WRITTEN          CHAR (4000)
      Terminated by "2C"
      Trim whitespace same as SQL Loader
    AMOUNT_AUTOM_PAYMENTS           CHAR (4000)
      Terminated by "2C"
      Trim whitespace same as SQL Loader


 LOG file opened at 03/28/14 14:45:39

KUP-05007:   Warning: Intra source concurrency disabled because the preprocessor option is being used.

Field Definitions for table EXTERNAL_HDFS
  Record format DELIMITED, delimited by 0A
  Data in file has same endianness as the platform
  Rows with all null fields are accepted

  Fields in Data Source: 

    CUSTOMER_ID                     CHAR (4000)
      Terminated by "2C"
      Trim whitespace same as SQL Loader
    CHECKING_AMOUNT                 CHAR (4000)
      Terminated by "2C"
      Trim whitespace same as SQL Loader
    BANK_FUNDS                      CHAR (4000)
      Terminated by "2C"
      Trim whitespace same as SQL Loader
    MONTHLY_CHECKS_WRITTEN          CHAR (4000)
      Terminated by "2C"
      Trim whitespace same as SQL Loader
    AMOUNT_AUTOM_PAYMENTS           CHAR (4000)
      Terminated by "2C"
      Trim whitespace same as SQL Loader
